[INFO] Error stacktraces are turned on.
[INFO] Scanning for projects...
[INFO] 
[INFO] ---------------------< com.experiment:student-api >---------------------
[INFO] Building student-api 0.0.1-SNAPSHOT
[INFO]   from pom.xml
[INFO] --------------------------------[ jar ]---------------------------------
[INFO] 
[INFO] --- clean:3.3.2:clean (default-clean) @ student-api ---
[INFO] Deleting D:\download\exp_7\student-api\target
[INFO] 
[INFO] --- resources:3.3.1:resources (default-resources) @ student-api ---
[INFO] Copying 1 resource from src\main\resources to target\classes
[INFO] Copying 0 resource from src\main\resources to target\classes
[INFO] 
[INFO] --- compiler:3.13.0:compile (default-compile) @ student-api ---
[INFO] Recompiling the module because of changed source code.
[INFO] Compiling 8 source files with javac [debug parameters release 17] to target\classes
[INFO] -------------------------------------------------------------
[ERROR] COMPILATION ERROR : 
[INFO] -------------------------------------------------------------
[ERROR] /D:/download/exp_7/student-api/src/main/java/com/experiment/student/controller/StudentController.java:[18,34] variable studentService not initialized in the default constructor
[ERROR] /D:/download/exp_7/student-api/src/main/java/com/experiment/student/service/StudentService.java:[41,35] cannot find symbol
  symbol:   method getName()
  location: variable studentDto of type com.experiment.student.dto.StudentDto
[ERROR] /D:/download/exp_7/student-api/src/main/java/com/experiment/student/service/StudentService.java:[42,36] cannot find symbol
  symbol:   method getEmail()
  location: variable studentDto of type com.experiment.student.dto.StudentDto
[ERROR] /D:/download/exp_7/student-api/src/main/java/com/experiment/student/service/StudentService.java:[43,34] cannot find symbol
  symbol:   method getAge()
  location: variable studentDto of type com.experiment.student.dto.StudentDto
[ERROR] /D:/download/exp_7/student-api/src/main/java/com/experiment/student/service/StudentService.java:[44,37] cannot find symbol
  symbol:   method getCourse()
  location: variable studentDto of type com.experiment.student.dto.StudentDto
[ERROR] /D:/download/exp_7/student-api/src/main/java/com/experiment/student/service/StudentService.java:[58,112] cannot find symbol
  symbol:   method getCourse()
  location: variable student of type com.experiment.student.model.Student
[ERROR] /D:/download/exp_7/student-api/src/main/java/com/experiment/student/service/StudentService.java:[58,94] cannot find symbol
  symbol:   method getAge()
  location: variable student of type com.experiment.student.model.Student
[ERROR] /D:/download/exp_7/student-api/src/main/java/com/experiment/student/service/StudentService.java:[58,74] cannot find symbol
  symbol:   method getEmail()
  location: variable student of type com.experiment.student.model.Student
[ERROR] /D:/download/exp_7/student-api/src/main/java/com/experiment/student/service/StudentService.java:[58,55] cannot find symbol
  symbol:   method getName()
  location: variable student of type com.experiment.student.model.Student
[ERROR] /D:/download/exp_7/student-api/src/main/java/com/experiment/student/service/StudentService.java:[58,38] cannot find symbol
  symbol:   method getId()
  location: variable student of type com.experiment.student.model.Student
[ERROR] /D:/download/exp_7/student-api/src/main/java/com/experiment/student/service/StudentService.java:[62,124] cannot find symbol
  symbol:   method getCourse()
  location: variable studentDto of type com.experiment.student.dto.StudentDto
[ERROR] /D:/download/exp_7/student-api/src/main/java/com/experiment/student/service/StudentService.java:[62,103] cannot find symbol
  symbol:   method getAge()
  location: variable studentDto of type com.experiment.student.dto.StudentDto
[ERROR] /D:/download/exp_7/student-api/src/main/java/com/experiment/student/service/StudentService.java:[62,80] cannot find symbol
  symbol:   method getEmail()
  location: variable studentDto of type com.experiment.student.dto.StudentDto
[ERROR] /D:/download/exp_7/student-api/src/main/java/com/experiment/student/service/StudentService.java:[62,58] cannot find symbol
  symbol:   method getName()
  location: variable studentDto of type com.experiment.student.dto.StudentDto
[ERROR] /D:/download/exp_7/student-api/src/main/java/com/experiment/student/service/StudentService.java:[62,38] cannot find symbol
  symbol:   method getId()
  location: variable studentDto of type com.experiment.student.dto.StudentDto
[ERROR] /D:/download/exp_7/student-api/src/main/java/com/experiment/student/repository/StudentRepository.java:[28,20] cannot find symbol
  symbol:   method getId()
  location: variable student of type com.experiment.student.model.Student
[ERROR] /D:/download/exp_7/student-api/src/main/java/com/experiment/student/repository/StudentRepository.java:[29,20] cannot find symbol
  symbol:   method setId(long)
  location: variable student of type com.experiment.student.model.Student
[ERROR] /D:/download/exp_7/student-api/src/main/java/com/experiment/student/repository/StudentRepository.java:[31,26] cannot find symbol
  symbol:   method getId()
  location: variable student of type com.experiment.student.model.Student
[INFO] 18 errors 
[INFO] -------------------------------------------------------------
[INFO] ------------------------------------------------------------------------
[INFO] BUILD FAILURE
[INFO] ------------------------------------------------------------------------
[INFO] Total time:  1.647 s
[INFO] Finished at: 2026-03-25T22:27:07+05:30
[INFO] ------------------------------------------------------------------------
[ERROR] Failed to execute goal org.apache.maven.plugins:maven-compiler-plugin:3.13.0:compile (default-compile) on project student-api: Compilation failure: Compilation failure: 
[ERROR] /D:/download/exp_7/student-api/src/main/java/com/experiment/student/controller/StudentController.java:[18,34] variable studentService not initialized in the default constructor
[ERROR] /D:/download/exp_7/student-api/src/main/java/com/experiment/student/service/StudentService.java:[41,35] cannot find symbol
[ERROR]   symbol:   method getName()
[ERROR]   location: variable studentDto of type com.experiment.student.dto.StudentDto
[ERROR] /D:/download/exp_7/student-api/src/main/java/com/experiment/student/service/StudentService.java:[42,36] cannot find symbol
[ERROR]   symbol:   method getEmail()
[ERROR]   location: variable studentDto of type com.experiment.student.dto.StudentDto
[ERROR] /D:/download/exp_7/student-api/src/main/java/com/experiment/student/service/StudentService.java:[43,34] cannot find symbol
[ERROR]   symbol:   method getAge()
[ERROR]   location: variable studentDto of type com.experiment.student.dto.StudentDto
[ERROR] /D:/download/exp_7/student-api/src/main/java/com/experiment/student/service/StudentService.java:[44,37] cannot find symbol
[ERROR]   symbol:   method getCourse()
[ERROR]   location: variable studentDto of type com.experiment.student.dto.StudentDto
[ERROR] /D:/download/exp_7/student-api/src/main/java/com/experiment/student/service/StudentService.java:[58,112] cannot find symbol
[ERROR]   symbol:   method getCourse()
[ERROR]   location: variable student of type com.experiment.student.model.Student
[ERROR] /D:/download/exp_7/student-api/src/main/java/com/experiment/student/service/StudentService.java:[58,94] cannot find symbol
[ERROR]   symbol:   method getAge()
[ERROR]   location: variable student of type com.experiment.student.model.Student
[ERROR] /D:/download/exp_7/student-api/src/main/java/com/experiment/student/service/StudentService.java:[58,74] cannot find symbol
[ERROR]   symbol:   method getEmail()
[ERROR]   location: variable student of type com.experiment.student.model.Student
[ERROR] /D:/download/exp_7/student-api/src/main/java/com/experiment/student/service/StudentService.java:[58,55] cannot find symbol
[ERROR]   symbol:   method getName()
[ERROR]   location: variable student of type com.experiment.student.model.Student
[ERROR] /D:/download/exp_7/student-api/src/main/java/com/experiment/student/service/StudentService.java:[58,38] cannot find symbol
[ERROR]   symbol:   method getId()
[ERROR]   location: variable student of type com.experiment.student.model.Student
[ERROR] /D:/download/exp_7/student-api/src/main/java/com/experiment/student/service/StudentService.java:[62,124] cannot find symbol
[ERROR]   symbol:   method getCourse()
[ERROR]   location: variable studentDto of type com.experiment.student.dto.StudentDto
[ERROR] /D:/download/exp_7/student-api/src/main/java/com/experiment/student/service/StudentService.java:[62,103] cannot find symbol
[ERROR]   symbol:   method getAge()
[ERROR]   location: variable studentDto of type com.experiment.student.dto.StudentDto
[ERROR] /D:/download/exp_7/student-api/src/main/java/com/experiment/student/service/StudentService.java:[62,80] cannot find symbol
[ERROR]   symbol:   method getEmail()
[ERROR]   location: variable studentDto of type com.experiment.student.dto.StudentDto
[ERROR] /D:/download/exp_7/student-api/src/main/java/com/experiment/student/service/StudentService.java:[62,58] cannot find symbol
[ERROR]   symbol:   method getName()
[ERROR]   location: variable studentDto of type com.experiment.student.dto.StudentDto
[ERROR] /D:/download/exp_7/student-api/src/main/java/com/experiment/student/service/StudentService.java:[62,38] cannot find symbol
[ERROR]   symbol:   method getId()
[ERROR]   location: variable studentDto of type com.experiment.student.dto.StudentDto
[ERROR] /D:/download/exp_7/student-api/src/main/java/com/experiment/student/repository/StudentRepository.java:[28,20] cannot find symbol
[ERROR]   symbol:   method getId()
[ERROR]   location: variable student of type com.experiment.student.model.Student
[ERROR] /D:/download/exp_7/student-api/src/main/java/com/experiment/student/repository/StudentRepository.java:[29,20] cannot find symbol
[ERROR]   symbol:   method setId(long)
[ERROR]   location: variable student of type com.experiment.student.model.Student
[ERROR] /D:/download/exp_7/student-api/src/main/java/com/experiment/student/repository/StudentRepository.java:[31,26] cannot find symbol
[ERROR]   symbol:   method getId()
[ERROR]   location: variable student of type com.experiment.student.model.Student
[ERROR] -> [Help 1]
org.apache.maven.lifecycle.LifecycleExecutionException: Failed to execute goal org.apache.maven.plugins:maven-compiler-plugin:3.13.0:compile (default-compile) on project student-api: Compilation failure
    at org.apache.maven.lifecycle.internal.MojoExecutor.doExecute2 (MojoExecutor.java:333)
    at org.apache.maven.lifecycle.internal.MojoExecutor.doExecute (MojoExecutor.java:316)
    at org.apache.maven.lifecycle.internal.MojoExecutor.execute (MojoExecutor.java:212)
    at org.apache.maven.lifecycle.internal.MojoExecutor.execute (MojoExecutor.java:174)
    at org.apache.maven.lifecycle.internal.MojoExecutor.access$000 (MojoExecutor.java:75)
    at org.apache.maven.lifecycle.internal.MojoExecutor$1.run (MojoExecutor.java:162)
    at org.apache.maven.plugin.DefaultMojosExecutionStrategy.execute (DefaultMojosExecutionStrategy.java:39)
    at org.apache.maven.lifecycle.internal.MojoExecutor.execute (MojoExecutor.java:159)
    at org.apache.maven.lifecycle.internal.LifecycleModuleBuilder.buildProject (LifecycleModuleBuilder.java:105)
    at org.apache.maven.lifecycle.internal.LifecycleModuleBuilder.buildProject (LifecycleModuleBuilder.java:73)
    at org.apache.maven.lifecycle.internal.builder.singlethreaded.SingleThreadedBuilder.build (SingleThreadedBuilder.java:53)
    at org.apache.maven.lifecycle.internal.LifecycleStarter.execute (LifecycleStarter.java:118)
    at org.apache.maven.DefaultMaven.doExecute (DefaultMaven.java:261)
    at org.apache.maven.DefaultMaven.doExecute (DefaultMaven.java:173)
    at org.apache.maven.DefaultMaven.execute (DefaultMaven.java:101)
    at org.apache.maven.cli.MavenCli.execute (MavenCli.java:906)
    at org.apache.maven.cli.MavenCli.doMain (MavenCli.java:283)
    at org.apache.maven.cli.MavenCli.main (MavenCli.java:206)
    at jdk.internal.reflect.DirectMethodHandleAccessor.invoke (DirectMethodHandleAccessor.java:104)
    at java.lang.reflect.Method.invoke (Method.java:565)
    at org.codehaus.plexus.classworlds.launcher.Launcher.launchEnhanced (Launcher.java:255)
    at org.codehaus.plexus.classworlds.launcher.Launcher.launch (Launcher.java:201)
    at org.codehaus.plexus.classworlds.launcher.Launcher.mainWithExitCode (Launcher.java:361)
    at org.codehaus.plexus.classworlds.launcher.Launcher.main (Launcher.java:314)
Caused by: org.apache.maven.plugin.compiler.CompilationFailureException: Compilation failure
    at org.apache.maven.plugin.compiler.AbstractCompilerMojo.execute (AbstractCompilerMojo.java:1309)
    at org.apache.maven.plugin.compiler.CompilerMojo.execute (CompilerMojo.java:215)
    at org.apache.maven.plugin.DefaultBuildPluginManager.executeMojo (DefaultBuildPluginManager.java:126)
    at org.apache.maven.lifecycle.internal.MojoExecutor.doExecute2 (MojoExecutor.java:328)
    at org.apache.maven.lifecycle.internal.MojoExecutor.doExecute (MojoExecutor.java:316)
    at org.apache.maven.lifecycle.internal.MojoExecutor.execute (MojoExecutor.java:212)
    at org.apache.maven.lifecycle.internal.MojoExecutor.execute (MojoExecutor.java:174)
    at org.apache.maven.lifecycle.internal.MojoExecutor.access$000 (MojoExecutor.java:75)
    at org.apache.maven.lifecycle.internal.MojoExecutor$1.run (MojoExecutor.java:162)
    at org.apache.maven.plugin.DefaultMojosExecutionStrategy.execute (DefaultMojosExecutionStrategy.java:39)
    at org.apache.maven.lifecycle.internal.MojoExecutor.execute (MojoExecutor.java:159)
    at org.apache.maven.lifecycle.internal.LifecycleModuleBuilder.buildProject (LifecycleModuleBuilder.java:105)
    at org.apache.maven.lifecycle.internal.LifecycleModuleBuilder.buildProject (LifecycleModuleBuilder.java:73)
    at org.apache.maven.lifecycle.internal.builder.singlethreaded.SingleThreadedBuilder.build (SingleThreadedBuilder.java:53)
    at org.apache.maven.lifecycle.internal.LifecycleStarter.execute (LifecycleStarter.java:118)
    at org.apache.maven.DefaultMaven.doExecute (DefaultMaven.java:261)
    at org.apache.maven.DefaultMaven.doExecute (DefaultMaven.java:173)
    at org.apache.maven.DefaultMaven.execute (DefaultMaven.java:101)
    at org.apache.maven.cli.MavenCli.execute (MavenCli.java:906)
    at org.apache.maven.cli.MavenCli.doMain (MavenCli.java:283)
    at org.apache.maven.cli.MavenCli.main (MavenCli.java:206)
    at jdk.internal.reflect.DirectMethodHandleAccessor.invoke (DirectMethodHandleAccessor.java:104)
    at java.lang.reflect.Method.invoke (Method.java:565)
    at org.codehaus.plexus.classworlds.launcher.Launcher.launchEnhanced (Launcher.java:255)
    at org.codehaus.plexus.classworlds.launcher.Launcher.launch (Launcher.java:201)
    at org.codehaus.plexus.classworlds.launcher.Launcher.mainWithExitCode (Launcher.java:361)
    at org.codehaus.plexus.classworlds.launcher.Launcher.main (Launcher.java:314)
[ERROR] 
[ERROR] Re-run Maven using the -X switch to enable full debug logging.
[ERROR] 
[ERROR] For more information about the errors and possible solutions, please read the following articles:
[ERROR] [Help 1] http://cwiki.apache.org/confluence/display/MAVEN/MojoFailureException
